<?xml version="1.0" encoding="UTF-8"?>
<testsuite name="com.cndatacom.main.MainServiceTest" tests="1" skipped="0" failures="0" errors="0" timestamp="2015-11-03T01:44:23" hostname="Hanrong-pc" time="0.001">
  <properties/>
  <testcase name="getMessage_ShouldReturnMessage" classname="com.cndatacom.main.MainServiceTest" time="0.001"/>
  <system-out><![CDATA[]]></system-out>
  <system-err><![CDATA[]]></system-err>
</testsuite>
